<?xml version="1.0" encoding="UTF-8"?>
<!-- Generated by org.testng.reporters.JUnitXMLReporter -->
<testsuite ignored="6" hostname="Mahir" failures="0" tests="4" name="Batch" time="111.316" errors="0" timestamp="2024-03-10T15:44:33 IST">
  <testcase classname="Package2NG.Yamaha" name="yamaha" time="40.055"/>
  <testcase classname="Package1NG.Adidas" name="adidas" time="40.428"/>
  <testcase classname="Package1NG.Puma" name="puma" time="41.179"/>
  <testcase classname="Package2NG.Kawasaki" name="kawasaki" time="111.197"/>
  <testcase classname="Package2NG.Honda" name="honda" time="0.0">
    <ignored/>
  </testcase> <!-- honda -->
  <testcase classname="Package2NG.Hero" name="hero" time="0.0">
    <ignored/>
  </testcase> <!-- hero -->
  <testcase classname="Package2NG.Ducati" name="ducati" time="0.0">
    <ignored/>
  </testcase> <!-- ducati -->
  <testcase classname="Package1NG.Campus" name="campus" time="0.0">
    <ignored/>
  </testcase> <!-- campus -->
  <testcase classname="Package1NG.NIke" name="nike" time="0.0">
    <ignored/>
  </testcase> <!-- nike -->
  <testcase classname="Package1NG.Reebok" name="reebok" time="0.0">
    <ignored/>
  </testcase> <!-- reebok -->
</testsuite> <!-- Batch -->
