<?xml version="1.0" encoding="UTF-8"?>
<testng-results ignored="0" total="1" passed="1" failed="0" skipped="0">
  <reporter-output>
  </reporter-output>
  <suite started-at="2024-03-17T13:03:10 IST" name="Default suite" finished-at="2024-03-17T13:03:22 IST" duration-ms="11860">
    <groups>
    </groups>
    <test started-at="2024-03-17T13:03:10 IST" name="Default test" finished-at="2024-03-17T13:03:22 IST" duration-ms="11860">
      <class name="Assertions.Task">
        <test-method signature="dws()[pri:0, instance:Assertions.Task@1165b38]" started-at="2024-03-17T13:03:10 IST" name="dws" finished-at="2024-03-17T13:03:22 IST" duration-ms="11711" status="PASS">
          <reporter-output>
          </reporter-output>
        </test-method> <!-- dws -->
      </class> <!-- Assertions.Task -->
    </test> <!-- Default test -->
  </suite> <!-- Default suite -->
</testng-results>
